<testsuites name="results">
  <testsuite name="all" package="all">
    <property name="random_seed" value="1760954389" />
    <testcase name="test_project" classname="test" file="/foss/designs/test/test.py" lineno="9" time="0.006925344467163086" sim_time_ns="90000.0" ratio_time="12995743.450270252" />
  </testsuite>
</testsuites>
