<testsuites name="results">
  <testsuite name="all" package="all">
    <property name="random_seed" value="1760843105" />
    <testcase name="test_project" classname="test" file="/foss/designs/test/test.py" lineno="9" time="0.009756088256835938" sim_time_ns="90000.0" ratio_time="9225008.797653958" />
  </testsuite>
</testsuites>
