<testsuites name="results">
  <testsuite name="all" package="all">
    <property name="random_seed" value="1760889509" />
    <testcase name="test_project" classname="test" file="/foss/designs/test/test.py" lineno="9" time="0.008341073989868164" sim_time_ns="90000.0" ratio_time="10789977.418893812" />
  </testsuite>
</testsuites>
