<testsuites name="results">
  <testsuite name="all" package="all">
    <property name="random_seed" value="1760922357" />
    <testcase name="test_project" classname="test" file="/foss/designs/test/test.py" lineno="9" time="0.007936239242553711" sim_time_ns="90000.0" ratio_time="11340383.933667798" />
  </testsuite>
</testsuites>
