<testsuites name="results">
  <testsuite name="all" package="all">
    <property name="random_seed" value="1760957861" />
    <testcase name="test_project" classname="test" file="/foss/designs/test/test.py" lineno="9" time="0.006821870803833008" sim_time_ns="90000.0" ratio_time="13192861.985810645" />
  </testsuite>
</testsuites>
